2024-02-04 16:06:54.516 [info] Log level: Info
2024-02-04 16:06:54.516 [info] Validating found git in: "git"
2024-02-04 16:06:54.516 [info] Using git "2.43.0" from "git"
2024-02-04 16:06:54.516 [info] > git rev-parse --show-toplevel [5ms]
2024-02-04 16:06:54.516 [info] fatal: not a git repository (or any of the parent directories): .git
2024-02-04 16:06:54.516 [info] > git rev-parse --show-toplevel [9ms]
2024-02-04 16:06:54.516 [info] fatal: not a git repository (or any of the parent directories): .git
2024-02-04 16:06:54.516 [info] > git rev-parse --show-toplevel [1ms]
2024-02-04 16:06:54.516 [info] fatal: not a git repository (or any of the parent directories): .git
2024-02-04 16:06:54.551 [info] > git rev-parse --show-toplevel [0ms]
2024-02-04 16:06:54.551 [info] fatal: not a git repository (or any of the parent directories): .git
2024-02-04 16:06:54.567 [info] > git rev-parse --show-toplevel [0ms]
2024-02-04 16:06:54.567 [info] fatal: not a git repository (or any of the parent directories): .git
2024-02-04 16:06:54.580 [info] > git rev-parse --show-toplevel [1ms]
2024-02-04 16:06:54.580 [info] fatal: not a git repository (or any of the parent directories): .git
2024-02-04 16:06:54.786 [info] > git rev-parse --show-toplevel [1ms]
2024-02-04 16:06:54.786 [info] fatal: not a git repository (or any of the parent directories): .git
2024-02-04 16:09:05.146 [info] > git rev-parse --show-toplevel [3ms]
2024-02-04 16:09:05.146 [info] fatal: not a git repository (or any of the parent directories): .git
2024-02-04 16:10:11.623 [info] > git rev-parse --show-toplevel [2ms]
2024-02-04 16:10:11.623 [info] fatal: not a git repository (or any of the parent directories): .git
