2024-02-04 16:06:13.793 [info] Log level: Info
2024-02-04 16:06:13.793 [info] Validating found git in: "git"
2024-02-04 16:06:13.793 [info] Using git "2.43.0" from "git"
2024-02-04 16:06:13.793 [info] > git rev-parse --show-toplevel [2ms]
2024-02-04 16:06:13.793 [info] fatal: not a git repository (or any of the parent directories): .git
2024-02-04 16:06:13.793 [info] > git rev-parse --show-toplevel [2ms]
2024-02-04 16:06:13.793 [info] fatal: not a git repository (or any of the parent directories): .git
2024-02-04 16:06:13.793 [info] > git rev-parse --show-toplevel [1ms]
2024-02-04 16:06:13.793 [info] fatal: not a git repository (or any of the parent directories): .git
2024-02-04 16:06:13.800 [info] > git rev-parse --show-toplevel [3ms]
2024-02-04 16:06:13.800 [info] fatal: not a git repository (or any of the parent directories): .git
2024-02-04 16:06:13.812 [info] > git rev-parse --show-toplevel [1ms]
2024-02-04 16:06:13.812 [info] fatal: not a git repository (or any of the parent directories): .git
2024-02-04 16:06:13.816 [info] > git rev-parse --show-toplevel [1ms]
2024-02-04 16:06:13.816 [info] fatal: not a git repository (or any of the parent directories): .git
2024-02-04 16:06:13.821 [info] > git rev-parse --show-toplevel [1ms]
2024-02-04 16:06:13.821 [info] fatal: not a git repository (or any of the parent directories): .git
2024-02-04 16:06:13.825 [info] > git rev-parse --show-toplevel [0ms]
2024-02-04 16:06:13.825 [info] fatal: not a git repository (or any of the parent directories): .git
2024-02-04 16:06:13.830 [info] > git rev-parse --show-toplevel [1ms]
2024-02-04 16:06:13.830 [info] fatal: not a git repository (or any of the parent directories): .git
2024-02-04 16:06:13.835 [info] > git rev-parse --show-toplevel [0ms]
2024-02-04 16:06:13.835 [info] fatal: not a git repository (or any of the parent directories): .git
2024-02-04 16:06:13.845 [info] > git rev-parse --show-toplevel [4ms]
2024-02-04 16:06:13.845 [info] fatal: not a git repository (or any of the parent directories): .git
2024-02-04 16:06:13.849 [info] > git rev-parse --show-toplevel [1ms]
2024-02-04 16:06:13.849 [info] fatal: not a git repository (or any of the parent directories): .git
2024-02-04 16:06:13.853 [info] > git rev-parse --show-toplevel [1ms]
2024-02-04 16:06:13.853 [info] fatal: not a git repository (or any of the parent directories): .git
2024-02-04 16:06:13.861 [info] > git rev-parse --show-toplevel [3ms]
2024-02-04 16:06:13.861 [info] fatal: not a git repository (or any of the parent directories): .git
2024-02-04 16:06:13.866 [info] > git rev-parse --show-toplevel [1ms]
2024-02-04 16:06:13.866 [info] fatal: not a git repository (or any of the parent directories): .git
2024-02-04 16:06:13.871 [info] > git rev-parse --show-toplevel [1ms]
2024-02-04 16:06:13.871 [info] fatal: not a git repository (or any of the parent directories): .git
2024-02-04 16:06:13.876 [info] > git rev-parse --show-toplevel [1ms]
2024-02-04 16:06:13.876 [info] fatal: not a git repository (or any of the parent directories): .git
2024-02-04 16:06:13.881 [info] > git rev-parse --show-toplevel [1ms]
2024-02-04 16:06:13.881 [info] fatal: not a git repository (or any of the parent directories): .git
2024-02-04 16:06:13.887 [info] > git rev-parse --show-toplevel [1ms]
2024-02-04 16:06:13.887 [info] fatal: not a git repository (or any of the parent directories): .git
2024-02-04 16:06:13.892 [info] > git rev-parse --show-toplevel [1ms]
2024-02-04 16:06:13.892 [info] fatal: not a git repository (or any of the parent directories): .git
2024-02-04 16:06:13.897 [info] > git rev-parse --show-toplevel [0ms]
2024-02-04 16:06:13.897 [info] fatal: not a git repository (or any of the parent directories): .git
2024-02-04 16:06:13.902 [info] > git rev-parse --show-toplevel [1ms]
2024-02-04 16:06:13.902 [info] fatal: not a git repository (or any of the parent directories): .git
2024-02-04 16:06:13.909 [info] > git rev-parse --show-toplevel [1ms]
2024-02-04 16:06:13.909 [info] fatal: not a git repository (or any of the parent directories): .git
2024-02-04 16:06:13.916 [info] > git rev-parse --show-toplevel [2ms]
2024-02-04 16:06:13.916 [info] fatal: not a git repository (or any of the parent directories): .git
2024-02-04 16:06:13.921 [info] > git rev-parse --show-toplevel [1ms]
2024-02-04 16:06:13.921 [info] fatal: not a git repository (or any of the parent directories): .git
2024-02-04 16:06:13.929 [info] > git rev-parse --show-toplevel [1ms]
2024-02-04 16:06:13.929 [info] fatal: not a git repository (or any of the parent directories): .git
2024-02-04 16:06:13.933 [info] > git rev-parse --show-toplevel [1ms]
2024-02-04 16:06:13.933 [info] fatal: not a git repository (or any of the parent directories): .git
2024-02-04 16:06:13.939 [info] > git rev-parse --show-toplevel [1ms]
2024-02-04 16:06:13.939 [info] fatal: not a git repository (or any of the parent directories): .git
2024-02-04 16:06:13.944 [info] > git rev-parse --show-toplevel [1ms]
2024-02-04 16:06:13.944 [info] fatal: not a git repository (or any of the parent directories): .git
2024-02-04 16:06:13.950 [info] > git rev-parse --show-toplevel [0ms]
2024-02-04 16:06:13.950 [info] fatal: not a git repository (or any of the parent directories): .git
2024-02-04 16:06:13.957 [info] > git rev-parse --show-toplevel [2ms]
2024-02-04 16:06:13.965 [info] > git rev-parse --git-dir --git-common-dir [1ms]
2024-02-04 16:06:13.975 [info] Open repository: /home/jim/.config/home-manager
2024-02-04 16:06:13.986 [info] > git config --get commit.template [6ms]
2024-02-04 16:06:13.994 [info] No remotes found in the git config file.
2024-02-04 16:06:13.995 [info] > git rev-parse --show-toplevel [10ms]
2024-02-04 16:06:13.995 [info] fatal: not a git repository (or any of the parent directories): .git
2024-02-04 16:06:14.001 [info] > git for-each-ref --format=%(refname)%00%(upstream:short)%00%(objectname)%00%(upstream:track)%00%(upstream:remotename)%00%(upstream:remoteref) refs/heads/master refs/remotes/master [7ms]
2024-02-04 16:06:14.010 [info] > git status -z -uall [2ms]
2024-02-04 16:06:14.018 [info] > git rev-parse --show-toplevel [18ms]
2024-02-04 16:06:14.018 [info] fatal: not a git repository (or any of the parent directories): .git
2024-02-04 16:06:14.030 [info] > git rev-parse --show-toplevel [2ms]
2024-02-04 16:06:14.030 [info] fatal: not a git repository (or any of the parent directories): .git
2024-02-04 16:06:14.030 [info] > git config --get commit.template [6ms]
2024-02-04 16:06:14.039 [info] No remotes found in the git config file.
2024-02-04 16:06:14.040 [info] > git rev-parse --show-toplevel [6ms]
2024-02-04 16:06:14.040 [info] fatal: not a git repository (or any of the parent directories): .git
2024-02-04 16:06:14.045 [info] > git for-each-ref --format=%(refname)%00%(upstream:short)%00%(objectname)%00%(upstream:track)%00%(upstream:remotename)%00%(upstream:remoteref) refs/heads/master refs/remotes/master [5ms]
2024-02-04 16:06:14.049 [info] > git rev-parse --show-toplevel [5ms]
2024-02-04 16:06:14.049 [info] fatal: not a git repository (or any of the parent directories): .git
2024-02-04 16:06:14.057 [info] > git status -z -uall [9ms]
2024-02-04 16:06:14.058 [info] > git rev-parse --show-toplevel [2ms]
2024-02-04 16:06:14.058 [info] fatal: not a git repository (or any of the parent directories): .git
2024-02-04 16:06:14.063 [info] > git rev-parse --show-toplevel [1ms]
2024-02-04 16:06:14.063 [info] fatal: not a git repository (or any of the parent directories): .git
2024-02-04 16:06:14.067 [info] > git rev-parse --show-toplevel [1ms]
2024-02-04 16:06:14.067 [info] fatal: not a git repository (or any of the parent directories): .git
2024-02-04 16:06:14.079 [info] > git rev-parse --show-toplevel [8ms]
2024-02-04 16:06:14.079 [info] fatal: not a git repository (or any of the parent directories): .git
2024-02-04 16:06:14.083 [info] > git rev-parse --show-toplevel [0ms]
2024-02-04 16:06:14.083 [info] fatal: not a git repository (or any of the parent directories): .git
2024-02-04 16:06:14.090 [info] > git rev-parse --show-toplevel [1ms]
2024-02-04 16:06:14.090 [info] fatal: not a git repository (or any of the parent directories): .git
2024-02-04 16:06:14.094 [info] > git rev-parse --show-toplevel [0ms]
2024-02-04 16:06:14.094 [info] fatal: not a git repository (or any of the parent directories): .git
2024-02-04 16:06:14.099 [info] > git rev-parse --show-toplevel [1ms]
2024-02-04 16:06:14.099 [info] fatal: not a git repository (or any of the parent directories): .git
2024-02-04 16:06:14.104 [info] > git rev-parse --show-toplevel [1ms]
2024-02-04 16:06:14.104 [info] fatal: not a git repository (or any of the parent directories): .git
2024-02-04 16:06:14.109 [info] > git rev-parse --show-toplevel [1ms]
2024-02-04 16:06:14.109 [info] fatal: not a git repository (or any of the parent directories): .git
2024-02-04 16:06:14.114 [info] > git rev-parse --show-toplevel [1ms]
2024-02-04 16:06:14.114 [info] fatal: not a git repository (or any of the parent directories): .git
2024-02-04 16:06:14.118 [info] > git rev-parse --show-toplevel [0ms]
2024-02-04 16:06:14.118 [info] fatal: not a git repository (or any of the parent directories): .git
2024-02-04 16:06:14.123 [info] > git rev-parse --show-toplevel [1ms]
2024-02-04 16:06:14.123 [info] fatal: not a git repository (or any of the parent directories): .git
2024-02-04 16:06:14.127 [info] > git rev-parse --show-toplevel [0ms]
2024-02-04 16:06:14.127 [info] fatal: not a git repository (or any of the parent directories): .git
2024-02-04 16:06:14.131 [info] > git rev-parse --show-toplevel [0ms]
2024-02-04 16:06:14.131 [info] fatal: not a git repository (or any of the parent directories): .git
2024-02-04 16:06:14.135 [info] > git rev-parse --show-toplevel [1ms]
2024-02-04 16:06:14.135 [info] fatal: not a git repository (or any of the parent directories): .git
2024-02-04 16:06:14.140 [info] > git rev-parse --show-toplevel [1ms]
2024-02-04 16:06:14.140 [info] fatal: not a git repository (or any of the parent directories): .git
2024-02-04 16:06:14.144 [info] > git rev-parse --show-toplevel [1ms]
2024-02-04 16:06:14.144 [info] fatal: not a git repository (or any of the parent directories): .git
2024-02-04 16:06:14.148 [info] > git rev-parse --show-toplevel [1ms]
2024-02-04 16:06:14.148 [info] fatal: not a git repository (or any of the parent directories): .git
2024-02-04 16:06:14.152 [info] > git rev-parse --show-toplevel [1ms]
2024-02-04 16:06:14.152 [info] fatal: not a git repository (or any of the parent directories): .git
2024-02-04 16:06:14.157 [info] > git rev-parse --show-toplevel [0ms]
2024-02-04 16:06:14.158 [info] fatal: not a git repository (or any of the parent directories): .git
2024-02-04 16:06:14.162 [info] > git rev-parse --show-toplevel [1ms]
2024-02-04 16:06:14.162 [info] fatal: not a git repository (or any of the parent directories): .git
2024-02-04 16:06:14.166 [info] > git rev-parse --show-toplevel [0ms]
2024-02-04 16:06:14.166 [info] fatal: not a git repository (or any of the parent directories): .git
2024-02-04 16:06:14.208 [info] > git rev-parse --show-toplevel [2ms]
2024-02-04 16:06:14.208 [info] fatal: not a git repository (or any of the parent directories): .git
2024-02-04 16:06:14.542 [info] > git check-ignore -v -z --stdin [3ms]
