2024-02-04 16:06:13.389 [info] Extension host with pid 13464 started
2024-02-04 16:06:13.389 [info] Creating extension host with the following global extensions: vscode.bat,vscode.clojure,vscode.coffeescript,vscode.configuration-editing,vscode.cpp,vscode.csharp,vscode.css,vscode.css-language-features,vscode.dart,vscode.debug-auto-launch,vscode.debug-server-ready,vscode.diff,vscode.docker,vscode.emmet,vscode.extension-editing,vscode.fsharp,vscode.git,vscode.git-base,vscode.github,vscode.github-authentication,vscode.go,vscode.groovy,vscode.grunt,vscode.gulp,vscode.handlebars,vscode.hlsl,vscode.html,vscode.html-language-features,vscode.ini,vscode.ipynb,vscode.jake,vscode.java,vscode.javascript,vscode.json,vscode.json-language-features,vscode.julia,vscode.latex,vscode.less,vscode.log,vscode.lua,vscode.make,vscode.markdown,vscode.markdown-language-features,vscode.markdown-math,vscode.media-preview,vscode.merge-conflict,vscode.microsoft-authentication,ms-vscode.js-debug,ms-vscode.js-debug-companion,ms-vscode.vscode-js-profile-table,vscode.builtin-notebook-renderers,vscode.npm,vscode.objective-c,vscode.perl,vscode.php,vscode.php-language-features,vscode.powershell,vscode.pug,vscode.python,vscode.r,vscode.razor,vscode.references-view,vscode.restructuredtext,vscode.ruby,vscode.rust,vscode.scss,vscode.search-result,vscode.shaderlab,vscode.shellscript,vscode.simple-browser,vscode.sql,vscode.swift,vscode.theme-abyss,vscode.theme-defaults,vscode.theme-kimbie-dark,vscode.theme-monokai,vscode.theme-monokai-dimmed,vscode.theme-quietlight,vscode.theme-red,vscode.vscode-theme-seti,vscode.theme-solarized-dark,vscode.theme-solarized-light,vscode.theme-tomorrow-night-blue,vscode.tunnel-forwarding,vscode.typescript,vscode.typescript-language-features,vscode.vb,vscode.xml,vscode.yaml,bbenoist.Nix
2024-02-04 16:06:13.389 [info] Creating extension host with the following local extensions: vscode.bat,vscode.clojure,vscode.coffeescript,vscode.configuration-editing,vscode.cpp,vscode.csharp,vscode.css,vscode.css-language-features,vscode.dart,vscode.debug-auto-launch,vscode.debug-server-ready,vscode.diff,vscode.docker,vscode.emmet,vscode.extension-editing,vscode.fsharp,vscode.git,vscode.git-base,vscode.github,vscode.github-authentication,vscode.go,vscode.groovy,vscode.grunt,vscode.gulp,vscode.handlebars,vscode.hlsl,vscode.html,vscode.html-language-features,vscode.ini,vscode.ipynb,vscode.jake,vscode.java,vscode.javascript,vscode.json,vscode.json-language-features,vscode.julia,vscode.latex,vscode.less,vscode.log,vscode.lua,vscode.make,vscode.markdown,vscode.markdown-language-features,vscode.markdown-math,vscode.media-preview,vscode.merge-conflict,vscode.microsoft-authentication,ms-vscode.js-debug,ms-vscode.js-debug-companion,ms-vscode.vscode-js-profile-table,vscode.builtin-notebook-renderers,vscode.npm,vscode.objective-c,vscode.perl,vscode.php,vscode.php-language-features,vscode.powershell,vscode.pug,vscode.python,vscode.r,vscode.razor,vscode.references-view,vscode.restructuredtext,vscode.ruby,vscode.rust,vscode.scss,vscode.search-result,vscode.shaderlab,vscode.shellscript,vscode.simple-browser,vscode.sql,vscode.swift,vscode.theme-abyss,vscode.theme-defaults,vscode.theme-kimbie-dark,vscode.theme-monokai,vscode.theme-monokai-dimmed,vscode.theme-quietlight,vscode.theme-red,vscode.vscode-theme-seti,vscode.theme-solarized-dark,vscode.theme-solarized-light,vscode.theme-tomorrow-night-blue,vscode.tunnel-forwarding,vscode.typescript,vscode.typescript-language-features,vscode.vb,vscode.xml,vscode.yaml,bbenoist.Nix
2024-02-04 16:06:13.389 [info] Skipping acquiring lock for /home/jim/.config/Code/User/workspaceStorage/a57cd009ccc758bc5d69b15511addcd8.
2024-02-04 16:06:13.453 [info] $startExtensionHost: global extensions: vscode.bat,vscode.clojure,vscode.coffeescript,vscode.configuration-editing,vscode.cpp,vscode.csharp,vscode.css,vscode.css-language-features,vscode.dart,vscode.debug-auto-launch,vscode.debug-server-ready,vscode.diff,vscode.docker,vscode.emmet,vscode.extension-editing,vscode.fsharp,vscode.git,vscode.git-base,vscode.github,vscode.github-authentication,vscode.go,vscode.groovy,vscode.grunt,vscode.gulp,vscode.handlebars,vscode.hlsl,vscode.html,vscode.html-language-features,vscode.ini,vscode.ipynb,vscode.jake,vscode.java,vscode.javascript,vscode.json,vscode.json-language-features,vscode.julia,vscode.latex,vscode.less,vscode.log,vscode.lua,vscode.make,vscode.markdown,vscode.markdown-language-features,vscode.markdown-math,vscode.media-preview,vscode.merge-conflict,vscode.microsoft-authentication,ms-vscode.js-debug,ms-vscode.js-debug-companion,ms-vscode.vscode-js-profile-table,vscode.builtin-notebook-renderers,vscode.npm,vscode.objective-c,vscode.perl,vscode.php,vscode.php-language-features,vscode.powershell,vscode.pug,vscode.python,vscode.r,vscode.razor,vscode.references-view,vscode.restructuredtext,vscode.ruby,vscode.rust,vscode.scss,vscode.search-result,vscode.shaderlab,vscode.shellscript,vscode.simple-browser,vscode.sql,vscode.swift,vscode.theme-abyss,vscode.theme-defaults,vscode.theme-kimbie-dark,vscode.theme-monokai,vscode.theme-monokai-dimmed,vscode.theme-quietlight,vscode.theme-red,vscode.vscode-theme-seti,vscode.theme-solarized-dark,vscode.theme-solarized-light,vscode.theme-tomorrow-night-blue,vscode.tunnel-forwarding,vscode.typescript,vscode.typescript-language-features,vscode.vb,vscode.xml,vscode.yaml,bbenoist.Nix
2024-02-04 16:06:13.453 [info] $startExtensionHost: local extensions: vscode.bat,vscode.clojure,vscode.coffeescript,vscode.configuration-editing,vscode.cpp,vscode.csharp,vscode.css,vscode.css-language-features,vscode.dart,vscode.debug-auto-launch,vscode.debug-server-ready,vscode.diff,vscode.docker,vscode.emmet,vscode.extension-editing,vscode.fsharp,vscode.git,vscode.git-base,vscode.github,vscode.github-authentication,vscode.go,vscode.groovy,vscode.grunt,vscode.gulp,vscode.handlebars,vscode.hlsl,vscode.html,vscode.html-language-features,vscode.ini,vscode.ipynb,vscode.jake,vscode.java,vscode.javascript,vscode.json,vscode.json-language-features,vscode.julia,vscode.latex,vscode.less,vscode.log,vscode.lua,vscode.make,vscode.markdown,vscode.markdown-language-features,vscode.markdown-math,vscode.media-preview,vscode.merge-conflict,vscode.microsoft-authentication,ms-vscode.js-debug,ms-vscode.js-debug-companion,ms-vscode.vscode-js-profile-table,vscode.builtin-notebook-renderers,vscode.npm,vscode.objective-c,vscode.perl,vscode.php,vscode.php-language-features,vscode.powershell,vscode.pug,vscode.python,vscode.r,vscode.razor,vscode.references-view,vscode.restructuredtext,vscode.ruby,vscode.rust,vscode.scss,vscode.search-result,vscode.shaderlab,vscode.shellscript,vscode.simple-browser,vscode.sql,vscode.swift,vscode.theme-abyss,vscode.theme-defaults,vscode.theme-kimbie-dark,vscode.theme-monokai,vscode.theme-monokai-dimmed,vscode.theme-quietlight,vscode.theme-red,vscode.vscode-theme-seti,vscode.theme-solarized-dark,vscode.theme-solarized-light,vscode.theme-tomorrow-night-blue,vscode.tunnel-forwarding,vscode.typescript,vscode.typescript-language-features,vscode.vb,vscode.xml,vscode.yaml,bbenoist.Nix
2024-02-04 16:06:13.538 [info] ExtensionService#_doActivateExtension vscode.emmet, startup: false, activationEvent: 'onLanguage'
2024-02-04 16:06:13.599 [info] ExtensionService#_doActivateExtension vscode.git-base, startup: true, activationEvent: '*', root cause: vscode.git
2024-02-04 16:06:13.702 [info] ExtensionService#_doActivateExtension vscode.git, startup: true, activationEvent: '*'
2024-02-04 16:06:13.718 [info] ExtensionService#_doActivateExtension vscode.github, startup: true, activationEvent: '*'
2024-02-04 16:06:13.759 [info] Eager extensions activated
2024-02-04 16:06:13.785 [info] ExtensionService#_doActivateExtension vscode.debug-auto-launch, startup: false, activationEvent: 'onStartupFinished'
2024-02-04 16:06:13.787 [info] ExtensionService#_doActivateExtension vscode.merge-conflict, startup: false, activationEvent: 'onStartupFinished'
2024-02-04 16:06:40.979 [info] Extension host terminating: renderer closed the MessagePort
2024-02-04 16:06:41.021 [error] Canceled: Canceled
	at new g (/nix/store/im130vh7bh68shfbrjqy9i1nj2lfa6ja-vscode-1.85.2/lib/vscode/resources/app/out/vs/workbench/api/node/extensionHostProcess.js:141:110274)
	at l.U (/nix/store/im130vh7bh68shfbrjqy9i1nj2lfa6ja-vscode-1.85.2/lib/vscode/resources/app/out/vs/workbench/api/node/extensionHostProcess.js:150:10866)
	at P.<computed>.j.charCodeAt.P.<computed> (/nix/store/im130vh7bh68shfbrjqy9i1nj2lfa6ja-vscode-1.85.2/lib/vscode/resources/app/out/vs/workbench/api/node/extensionHostProcess.js:150:8317)
	at d.g (/nix/store/im130vh7bh68shfbrjqy9i1nj2lfa6ja-vscode-1.85.2/lib/vscode/resources/app/out/vs/workbench/api/node/extensionHostProcess.js:141:139555)
	at d.executeCommand (/nix/store/im130vh7bh68shfbrjqy9i1nj2lfa6ja-vscode-1.85.2/lib/vscode/resources/app/out/vs/workbench/api/node/extensionHostProcess.js:141:138993)
	at p.registerCommand.description (/nix/store/im130vh7bh68shfbrjqy9i1nj2lfa6ja-vscode-1.85.2/lib/vscode/resources/app/out/vs/workbench/api/node/extensionHostProcess.js:141:138317)
	at d.h (/nix/store/im130vh7bh68shfbrjqy9i1nj2lfa6ja-vscode-1.85.2/lib/vscode/resources/app/out/vs/workbench/api/node/extensionHostProcess.js:141:140094)
	at d.g (/nix/store/im130vh7bh68shfbrjqy9i1nj2lfa6ja-vscode-1.85.2/lib/vscode/resources/app/out/vs/workbench/api/node/extensionHostProcess.js:141:139086)
	at d.executeCommand (/nix/store/im130vh7bh68shfbrjqy9i1nj2lfa6ja-vscode-1.85.2/lib/vscode/resources/app/out/vs/workbench/api/node/extensionHostProcess.js:141:138993)
	at Object.executeCommand (/nix/store/im130vh7bh68shfbrjqy9i1nj2lfa6ja-vscode-1.85.2/lib/vscode/resources/app/out/vs/workbench/api/node/extensionHostProcess.js:158:21333)
	at f.I [as value] (/nix/store/im130vh7bh68shfbrjqy9i1nj2lfa6ja-vscode-1.85.2/lib/vscode/resources/app/extensions/git/dist/main.js:2:924696)
	at n.y (/nix/store/im130vh7bh68shfbrjqy9i1nj2lfa6ja-vscode-1.85.2/lib/vscode/resources/app/out/vs/workbench/api/node/extensionHostProcess.js:80:1902)
	at n.z (/nix/store/im130vh7bh68shfbrjqy9i1nj2lfa6ja-vscode-1.85.2/lib/vscode/resources/app/out/vs/workbench/api/node/extensionHostProcess.js:80:1972)
	at n.fire (/nix/store/im130vh7bh68shfbrjqy9i1nj2lfa6ja-vscode-1.85.2/lib/vscode/resources/app/out/vs/workbench/api/node/extensionHostProcess.js:80:2188)
	at Object.m [as dispose] (/nix/store/im130vh7bh68shfbrjqy9i1nj2lfa6ja-vscode-1.85.2/lib/vscode/resources/app/extensions/git/dist/main.js:2:940613)
	at /nix/store/im130vh7bh68shfbrjqy9i1nj2lfa6ja-vscode-1.85.2/lib/vscode/resources/app/extensions/git/dist/main.js:2:945566
	at Array.forEach (<anonymous>)
	at p.dispose (/nix/store/im130vh7bh68shfbrjqy9i1nj2lfa6ja-vscode-1.85.2/lib/vscode/resources/app/extensions/git/dist/main.js:2:945552)
	at u.<anonymous> (/nix/store/im130vh7bh68shfbrjqy9i1nj2lfa6ja-vscode-1.85.2/lib/vscode/resources/app/out/vs/workbench/api/node/extensionHostProcess.js:137:3620)
	at u.dispose (/nix/store/im130vh7bh68shfbrjqy9i1nj2lfa6ja-vscode-1.85.2/lib/vscode/resources/app/out/vs/workbench/api/node/extensionHostProcess.js:137:3717)
	at u.<anonymous> (/nix/store/im130vh7bh68shfbrjqy9i1nj2lfa6ja-vscode-1.85.2/lib/vscode/resources/app/extensions/git/dist/main.js:2:926708)
	at u.dispose (/nix/store/im130vh7bh68shfbrjqy9i1nj2lfa6ja-vscode-1.85.2/lib/vscode/resources/app/out/vs/workbench/api/node/extensionHostProcess.js:137:3717)
	at s (/nix/store/im130vh7bh68shfbrjqy9i1nj2lfa6ja-vscode-1.85.2/lib/vscode/resources/app/out/vs/workbench/api/node/extensionHostProcess.js:30:754)
	at f.cb (/nix/store/im130vh7bh68shfbrjqy9i1nj2lfa6ja-vscode-1.85.2/lib/vscode/resources/app/out/vs/workbench/api/node/extensionHostProcess.js:154:9873)
	at /nix/store/im130vh7bh68shfbrjqy9i1nj2lfa6ja-vscode-1.85.2/lib/vscode/resources/app/out/vs/workbench/api/node/extensionHostProcess.js:154:7808
	at Array.map (<anonymous>)
	at f.Y (/nix/store/im130vh7bh68shfbrjqy9i1nj2lfa6ja-vscode-1.85.2/lib/vscode/resources/app/out/vs/workbench/api/node/extensionHostProcess.js:154:7795)
	at f.terminate (/nix/store/im130vh7bh68shfbrjqy9i1nj2lfa6ja-vscode-1.85.2/lib/vscode/resources/app/out/vs/workbench/api/node/extensionHostProcess.js:154:8068)
	at s.terminate (/nix/store/im130vh7bh68shfbrjqy9i1nj2lfa6ja-vscode-1.85.2/lib/vscode/resources/app/out/vs/workbench/api/node/extensionHostProcess.js:158:1513)
	at a (/nix/store/im130vh7bh68shfbrjqy9i1nj2lfa6ja-vscode-1.85.2/lib/vscode/resources/app/out/vs/workbench/api/node/extensionHostProcess.js:171:9802)
	at MessagePortMain.<anonymous> (/nix/store/im130vh7bh68shfbrjqy9i1nj2lfa6ja-vscode-1.85.2/lib/vscode/resources/app/out/vs/workbench/api/node/extensionHostProcess.js:171:6227)
	at MessagePortMain.emit (node:events:513:28)
	at MessagePortMain._internalPort.emit (node:electron/js2c/utility_init:2:367) setContext undefined
2024-02-04 16:06:41.022 [error] Canceled: Canceled
	at new g (/nix/store/im130vh7bh68shfbrjqy9i1nj2lfa6ja-vscode-1.85.2/lib/vscode/resources/app/out/vs/workbench/api/node/extensionHostProcess.js:141:110274)
	at l.U (/nix/store/im130vh7bh68shfbrjqy9i1nj2lfa6ja-vscode-1.85.2/lib/vscode/resources/app/out/vs/workbench/api/node/extensionHostProcess.js:150:10866)
	at P.<computed>.j.charCodeAt.P.<computed> (/nix/store/im130vh7bh68shfbrjqy9i1nj2lfa6ja-vscode-1.85.2/lib/vscode/resources/app/out/vs/workbench/api/node/extensionHostProcess.js:150:8317)
	at d.g (/nix/store/im130vh7bh68shfbrjqy9i1nj2lfa6ja-vscode-1.85.2/lib/vscode/resources/app/out/vs/workbench/api/node/extensionHostProcess.js:141:139555)
	at d.executeCommand (/nix/store/im130vh7bh68shfbrjqy9i1nj2lfa6ja-vscode-1.85.2/lib/vscode/resources/app/out/vs/workbench/api/node/extensionHostProcess.js:141:138993)
	at p.registerCommand.description (/nix/store/im130vh7bh68shfbrjqy9i1nj2lfa6ja-vscode-1.85.2/lib/vscode/resources/app/out/vs/workbench/api/node/extensionHostProcess.js:141:138317)
	at d.h (/nix/store/im130vh7bh68shfbrjqy9i1nj2lfa6ja-vscode-1.85.2/lib/vscode/resources/app/out/vs/workbench/api/node/extensionHostProcess.js:141:140094)
	at d.g (/nix/store/im130vh7bh68shfbrjqy9i1nj2lfa6ja-vscode-1.85.2/lib/vscode/resources/app/out/vs/workbench/api/node/extensionHostProcess.js:141:139086)
	at d.executeCommand (/nix/store/im130vh7bh68shfbrjqy9i1nj2lfa6ja-vscode-1.85.2/lib/vscode/resources/app/out/vs/workbench/api/node/extensionHostProcess.js:141:138993)
	at Object.executeCommand (/nix/store/im130vh7bh68shfbrjqy9i1nj2lfa6ja-vscode-1.85.2/lib/vscode/resources/app/out/vs/workbench/api/node/extensionHostProcess.js:158:21333)
	at set b [as b] (/nix/store/im130vh7bh68shfbrjqy9i1nj2lfa6ja-vscode-1.85.2/lib/vscode/resources/app/extensions/github/dist/extension.js:2:322364)
	at /nix/store/im130vh7bh68shfbrjqy9i1nj2lfa6ja-vscode-1.85.2/lib/vscode/resources/app/extensions/github/dist/extension.js:2:323005
	at f.value (/nix/store/im130vh7bh68shfbrjqy9i1nj2lfa6ja-vscode-1.85.2/lib/vscode/resources/app/extensions/git/dist/main.js:2:1016450)
	at n.y (/nix/store/im130vh7bh68shfbrjqy9i1nj2lfa6ja-vscode-1.85.2/lib/vscode/resources/app/out/vs/workbench/api/node/extensionHostProcess.js:80:1902)
	at n.z (/nix/store/im130vh7bh68shfbrjqy9i1nj2lfa6ja-vscode-1.85.2/lib/vscode/resources/app/out/vs/workbench/api/node/extensionHostProcess.js:80:1972)
	at n.fire (/nix/store/im130vh7bh68shfbrjqy9i1nj2lfa6ja-vscode-1.85.2/lib/vscode/resources/app/out/vs/workbench/api/node/extensionHostProcess.js:80:2188)
	at Object.m [as dispose] (/nix/store/im130vh7bh68shfbrjqy9i1nj2lfa6ja-vscode-1.85.2/lib/vscode/resources/app/extensions/git/dist/main.js:2:940613)
	at /nix/store/im130vh7bh68shfbrjqy9i1nj2lfa6ja-vscode-1.85.2/lib/vscode/resources/app/extensions/git/dist/main.js:2:945566
	at Array.forEach (<anonymous>)
	at p.dispose (/nix/store/im130vh7bh68shfbrjqy9i1nj2lfa6ja-vscode-1.85.2/lib/vscode/resources/app/extensions/git/dist/main.js:2:945552)
	at u.<anonymous> (/nix/store/im130vh7bh68shfbrjqy9i1nj2lfa6ja-vscode-1.85.2/lib/vscode/resources/app/out/vs/workbench/api/node/extensionHostProcess.js:137:3620)
	at u.dispose (/nix/store/im130vh7bh68shfbrjqy9i1nj2lfa6ja-vscode-1.85.2/lib/vscode/resources/app/out/vs/workbench/api/node/extensionHostProcess.js:137:3717)
	at u.<anonymous> (/nix/store/im130vh7bh68shfbrjqy9i1nj2lfa6ja-vscode-1.85.2/lib/vscode/resources/app/extensions/git/dist/main.js:2:926708)
	at u.dispose (/nix/store/im130vh7bh68shfbrjqy9i1nj2lfa6ja-vscode-1.85.2/lib/vscode/resources/app/out/vs/workbench/api/node/extensionHostProcess.js:137:3717)
	at s (/nix/store/im130vh7bh68shfbrjqy9i1nj2lfa6ja-vscode-1.85.2/lib/vscode/resources/app/out/vs/workbench/api/node/extensionHostProcess.js:30:754)
	at f.cb (/nix/store/im130vh7bh68shfbrjqy9i1nj2lfa6ja-vscode-1.85.2/lib/vscode/resources/app/out/vs/workbench/api/node/extensionHostProcess.js:154:9873)
	at /nix/store/im130vh7bh68shfbrjqy9i1nj2lfa6ja-vscode-1.85.2/lib/vscode/resources/app/out/vs/workbench/api/node/extensionHostProcess.js:154:7808
	at Array.map (<anonymous>)
	at f.Y (/nix/store/im130vh7bh68shfbrjqy9i1nj2lfa6ja-vscode-1.85.2/lib/vscode/resources/app/out/vs/workbench/api/node/extensionHostProcess.js:154:7795)
	at f.terminate (/nix/store/im130vh7bh68shfbrjqy9i1nj2lfa6ja-vscode-1.85.2/lib/vscode/resources/app/out/vs/workbench/api/node/extensionHostProcess.js:154:8068)
	at s.terminate (/nix/store/im130vh7bh68shfbrjqy9i1nj2lfa6ja-vscode-1.85.2/lib/vscode/resources/app/out/vs/workbench/api/node/extensionHostProcess.js:158:1513)
	at a (/nix/store/im130vh7bh68shfbrjqy9i1nj2lfa6ja-vscode-1.85.2/lib/vscode/resources/app/out/vs/workbench/api/node/extensionHostProcess.js:171:9802)
	at MessagePortMain.<anonymous> (/nix/store/im130vh7bh68shfbrjqy9i1nj2lfa6ja-vscode-1.85.2/lib/vscode/resources/app/out/vs/workbench/api/node/extensionHostProcess.js:171:6227)
	at MessagePortMain.emit (node:events:513:28)
	at MessagePortMain._internalPort.emit (node:electron/js2c/utility_init:2:367) setContext undefined
2024-02-04 16:06:41.022 [info] Extension host with pid 13464 exiting with code 0
