2024-02-04 16:48:29.067 [info] Log level: Info
2024-02-04 16:48:29.067 [info] Validating found git in: "git"
2024-02-04 16:48:29.067 [info] Using git "2.43.0" from "git"
2024-02-04 16:48:29.067 [info] > git rev-parse --show-toplevel [2ms]
2024-02-04 16:48:29.067 [info] > git rev-parse --git-dir --git-common-dir [1ms]
2024-02-04 16:48:29.067 [info] Open repository: /home/jim/.config/home-manager
2024-02-04 16:48:29.088 [info] > git rev-parse --show-toplevel [12ms]
2024-02-04 16:48:29.088 [info] fatal: not a git repository (or any of the parent directories): .git
2024-02-04 16:48:29.089 [info] > git config --get commit.template [17ms]
2024-02-04 16:48:29.103 [info] No remotes found in the git config file.
2024-02-04 16:48:29.103 [info] > git for-each-ref --format=%(refname)%00%(upstream:short)%00%(objectname)%00%(upstream:track)%00%(upstream:remotename)%00%(upstream:remoteref) refs/heads/master refs/remotes/master [1ms]
2024-02-04 16:48:29.111 [info] > git status -z -uall [4ms]
2024-02-04 16:48:29.125 [info] > git config --get commit.template [4ms]
2024-02-04 16:48:29.131 [info] No remotes found in the git config file.
2024-02-04 16:48:29.132 [info] > git for-each-ref --format=%(refname)%00%(upstream:short)%00%(objectname)%00%(upstream:track)%00%(upstream:remotename)%00%(upstream:remoteref) refs/heads/master refs/remotes/master [1ms]
2024-02-04 16:48:29.136 [info] > git status -z -uall [1ms]
2024-02-04 16:48:29.596 [info] > git check-ignore -v -z --stdin [1ms]
2024-02-04 16:48:31.720 [info] > git config --get commit.template [2ms]
2024-02-04 16:48:31.727 [info] No remotes found in the git config file.
2024-02-04 16:48:31.728 [info] > git for-each-ref --format=%(refname)%00%(upstream:short)%00%(objectname)%00%(upstream:track)%00%(upstream:remotename)%00%(upstream:remoteref) refs/heads/master refs/remotes/master [1ms]
2024-02-04 16:48:31.736 [info] > git status -z -uall [2ms]
2024-02-04 16:02:21.878 [info] > git show --textconv :cp.bash [14ms]
2024-02-04 16:02:21.882 [info] > git ls-files --stage -- /home/jim/.config/home-manager/cp.bash [5ms]
2024-02-04 16:02:22.065 [info] > git check-ignore -v -z --stdin [2ms]
2024-02-04 16:02:22.578 [info] No remotes found in the git config file.
2024-02-04 16:02:22.580 [info] > git config --get commit.template [14ms]
2024-02-04 16:02:22.581 [info] > git for-each-ref --format=%(refname)%00%(upstream:short)%00%(objectname)%00%(upstream:track)%00%(upstream:remotename)%00%(upstream:remoteref) refs/heads/master refs/remotes/master [4ms]
2024-02-04 16:02:22.596 [info] > git status -z -uall [4ms]
2024-02-04 16:02:44.821 [info] > git show --textconv :cp.sh [13ms]
2024-02-04 16:02:44.824 [info] > git ls-files --stage -- /home/jim/.config/home-manager/cp.sh [4ms]
2024-02-04 16:02:45.078 [info] > git check-ignore -v -z --stdin [3ms]
2024-02-04 16:02:45.580 [info] No remotes found in the git config file.
2024-02-04 16:02:45.593 [info] > git config --get commit.template [14ms]
2024-02-04 16:02:45.594 [info] > git for-each-ref --format=%(refname)%00%(upstream:short)%00%(objectname)%00%(upstream:track)%00%(upstream:remotename)%00%(upstream:remoteref) refs/heads/master refs/remotes/master [3ms]
2024-02-04 16:02:45.608 [info] > git status -z -uall [4ms]
2024-02-04 16:03:48.612 [info] No remotes found in the git config file.
2024-02-04 16:03:48.613 [info] > git config --get commit.template [13ms]
2024-02-04 16:03:48.614 [info] > git for-each-ref --format=%(refname)%00%(upstream:short)%00%(objectname)%00%(upstream:track)%00%(upstream:remotename)%00%(upstream:remoteref) refs/heads/master refs/remotes/master [3ms]
2024-02-04 16:03:48.628 [info] > git status -z -uall [4ms]
2024-02-04 16:03:57.624 [info] > git config --get commit.template [2ms]
2024-02-04 16:03:57.632 [info] No remotes found in the git config file.
2024-02-04 16:03:57.635 [info] > git for-each-ref --format=%(refname)%00%(upstream:short)%00%(objectname)%00%(upstream:track)%00%(upstream:remotename)%00%(upstream:remoteref) refs/heads/master refs/remotes/master [3ms]
2024-02-04 16:03:57.643 [info] > git status -z -uall [1ms]
2024-02-04 16:03:58.738 [info] > git ls-files --stage -- /home/jim/.config/home-manager/cp.sh [2ms]
2024-02-04 16:03:58.750 [info] > git show --textconv :cp.sh [2ms]
